{"ID":"388FDDD9-2676-4392-8A7A-416B1D1766FB","NAME":"ERICK-0 IS EVEN","AT":1713460800678}
{"ID":"7CD27776-2D08-4312-8B5E-0F16C5DCD324","NAME":"ERICK-2 IS EVEN","AT":1713460800679}
{"ID":"69E9FE52-C408-4FAA-B333-F97797060EDF","NAME":"ERICK-4 IS EVEN","AT":1713460800679}
{"ID":"7A06F827-F519-4BB6-A648-18A6DF2CDED7","NAME":"ERICK-6 IS EVEN","AT":1713460800679}
{"ID":"4D3194CA-BE0D-4F80-BAA5-47DDD9E5C977","NAME":"ERICK-8 IS EVEN","AT":1713460800679}
{"ID":"E3ADB6D0-FC4E-4EE1-B6CC-BEA4681A2D21","NAME":"ERICK-10 IS EVEN","AT":1713460800679}
{"ID":"A07DE5EA-BAD7-4D18-9900-5B63B57C44F1","NAME":"ERICK-12 IS EVEN","AT":1713460800679}
{"ID":"8C945C14-AB62-4C2B-9833-FFCB09E1409B","NAME":"ERICK-14 IS EVEN","AT":1713460800679}
{"ID":"4586DE90-D71E-41C2-B5A5-FF7A9322B636","NAME":"ERICK-16 IS EVEN","AT":1713460800679}
{"ID":"53764EC2-3E94-4DEC-8B9F-51B5C5E3F659","NAME":"ERICK-18 IS EVEN","AT":1713460800679}
{"ID":"76517DF3-E490-4685-8602-61607644B9D6","NAME":"ERICK-20 IS EVEN","AT":1713460800679}
{"ID":"FFEBC442-F56C-46DC-9491-6FAFD7F4AE32","NAME":"ERICK-22 IS EVEN","AT":1713460800679}
{"ID":"324CDABF-DA46-4C42-9280-4FD56D9FF803","NAME":"ERICK-24 IS EVEN","AT":1713460800679}
{"ID":"DCE9092F-7B45-4E63-84EE-0C41C2CC6B49","NAME":"ERICK-26 IS EVEN","AT":1713460800679}
{"ID":"B3C9E1FE-6B52-4ED6-BB24-79FE954BCC25","NAME":"ERICK-28 IS EVEN","AT":1713460800679}
{"ID":"F40F7F0C-0131-42BB-880E-2FCF18A0FCC7","NAME":"ERICK-30 IS EVEN","AT":1713460800679}
{"ID":"EF9A5124-0011-4BB5-88BA-3AEC9D614839","NAME":"ERICK-32 IS EVEN","AT":1713460800679}
{"ID":"F7455C1E-704E-4990-A91F-93E2EE044105","NAME":"ERICK-34 IS EVEN","AT":1713460800679}
{"ID":"5AAA175A-1658-4B93-9BAA-182298EB36B8","NAME":"ERICK-36 IS EVEN","AT":1713460800679}
{"ID":"1B3EAF65-7CD1-4DE3-ABDF-6348A4A9D8BC","NAME":"ERICK-38 IS EVEN","AT":1713460800679}
{"ID":"3B407B70-F5BB-43E1-9D09-92D893F5010E","NAME":"ERICK-40 IS EVEN","AT":1713460800679}
{"ID":"7BCC494A-5DE2-44C9-A570-A35A34B5FB40","NAME":"ERICK-42 IS EVEN","AT":1713460800679}
{"ID":"E1ABB6BB-945F-4861-A54C-EDD32B0E0427","NAME":"ERICK-44 IS EVEN","AT":1713460800679}
{"ID":"C17C6B68-4A60-449B-A040-B76112A94EA3","NAME":"ERICK-46 IS EVEN","AT":1713460800679}
{"ID":"7EE0832A-A94D-430B-975C-6789EEBC903A","NAME":"ERICK-48 IS EVEN","AT":1713460800679}
{"ID":"3ACF8D88-C503-41FB-B7D5-C8E0EA3C979A","NAME":"ERICK-50 IS EVEN","AT":1713460800679}
{"ID":"E6731B4F-C9D0-492F-B833-D0D1442A869A","NAME":"ERICK-52 IS EVEN","AT":1713460800679}
{"ID":"00476C1C-FBA2-4BA6-91E7-0102AA9E0965","NAME":"ERICK-54 IS EVEN","AT":1713460800679}
{"ID":"27F191DB-4D08-42E0-A2A8-73A24E304693","NAME":"ERICK-56 IS EVEN","AT":1713460800679}
{"ID":"05D96E70-9E49-4945-BA4B-4AD4B49A80B5","NAME":"ERICK-58 IS EVEN","AT":1713460800679}
{"ID":"E0A6B99F-B68E-4FC2-9BDA-3A5FC7C38661","NAME":"ERICK-60 IS EVEN","AT":1713460800679}
{"ID":"C3C21162-6B12-4ACE-853F-ED596417585E","NAME":"ERICK-62 IS EVEN","AT":1713460800679}
{"ID":"DBF3241F-002F-422E-8FED-9F41C3622155","NAME":"ERICK-64 IS EVEN","AT":1713460800679}
{"ID":"8AEF7CEE-421D-4813-B036-FCCF2F667F43","NAME":"ERICK-66 IS EVEN","AT":1713460800679}
{"ID":"D4586ED8-5096-4F27-AD9A-279608E07DE9","NAME":"ERICK-68 IS EVEN","AT":1713460800679}
{"ID":"3C14780A-7383-4EAE-A293-F7ECE04F8C46","NAME":"ERICK-70 IS EVEN","AT":1713460800679}
{"ID":"F19EA6EC-4526-4797-83C9-4B6061E5AE25","NAME":"ERICK-72 IS EVEN","AT":1713460800679}
{"ID":"8F5ACBCC-58E4-4251-AA3D-DB403CCB1269","NAME":"ERICK-74 IS EVEN","AT":1713460800679}
{"ID":"3C8084AC-598D-4A30-BD12-BC1F5975D8A8","NAME":"ERICK-76 IS EVEN","AT":1713460800679}
{"ID":"FBE81057-4932-42AE-B2B9-A7FF8E99AC41","NAME":"ERICK-78 IS EVEN","AT":1713460800679}
{"ID":"0CA436C1-597A-4222-8230-B6EF1060C52A","NAME":"ERICK-80 IS EVEN","AT":1713460800679}
{"ID":"8D895F77-DC90-494C-9136-FD6810F5F40B","NAME":"ERICK-82 IS EVEN","AT":1713460800679}
{"ID":"E331BE3A-B8B0-479A-804E-826A131B6312","NAME":"ERICK-84 IS EVEN","AT":1713460800679}
{"ID":"069A50FF-FB2C-4DCB-BABB-5D0389635722","NAME":"ERICK-86 IS EVEN","AT":1713460800679}
{"ID":"6ECB0F67-5F46-4E17-9CF3-37CB06F005E1","NAME":"ERICK-88 IS EVEN","AT":1713460800679}
{"ID":"6358A4BD-6306-466A-BD3F-C658D38FDCBC","NAME":"ERICK-90 IS EVEN","AT":1713460800679}
{"ID":"FF6078F1-241A-4550-BFBD-0A552445B5BF","NAME":"ERICK-92 IS EVEN","AT":1713460800679}
{"ID":"3D7CFB81-3567-45CD-BA82-77F0E4129441","NAME":"ERICK-94 IS EVEN","AT":1713460800679}
{"ID":"8AB6CE9B-6CEE-43E0-97FE-15A89D057B67","NAME":"ERICK-96 IS EVEN","AT":1713460800679}
{"ID":"CC2503EA-68DE-4B65-9EBE-A75CD508D64C","NAME":"ERICK-98 IS EVEN","AT":1713460800679}
